<?xml version="1.0" encoding="UTF-8"?>
<!-- Generated by org.testng.reporters.JUnitReportReporter -->
<testsuite hostname="LAPTOP-7E1CJ27U" failures="0" tests="1" name="RestassuredAutomation.RestassuredAutomation.TC001_GET_Request" time="1.422" errors="0" timestamp="2022-05-28T20:30:30 IST" skipped="0">
  <testcase classname="RestassuredAutomation.RestassuredAutomation.TC001_GET_Request" name="getweatherDetails" time="1.422"/>
  <system-out/>
</testsuite> <!-- RestassuredAutomation.RestassuredAutomation.TC001_GET_Request -->
